2024-09-12 12:34:32,979 INFO o.a.j.u.JMeterUtils: Setting Locale to en_EN
2024-09-12 12:34:32,997 INFO o.a.j.JMeter: Loading user properties from: /opt/homebrew/Cellar/jmeter/5.6.3/libexec/bin/user.properties
2024-09-12 12:34:32,998 INFO o.a.j.JMeter: Loading system properties from: /opt/homebrew/Cellar/jmeter/5.6.3/libexec/bin/system.properties
2024-09-12 12:34:33,001 INFO o.a.j.JMeter: Copyright (c) 1998-2024 The Apache Software Foundation
2024-09-12 12:34:33,001 INFO o.a.j.JMeter: Version 5.6.3
2024-09-12 12:34:33,001 INFO o.a.j.JMeter: java.version=22.0.2
2024-09-12 12:34:33,001 INFO o.a.j.JMeter: java.vm.name=OpenJDK 64-Bit Server VM
2024-09-12 12:34:33,001 INFO o.a.j.JMeter: os.name=Mac OS X
2024-09-12 12:34:33,001 INFO o.a.j.JMeter: os.arch=aarch64
2024-09-12 12:34:33,001 INFO o.a.j.JMeter: os.version=13.6
2024-09-12 12:34:33,001 INFO o.a.j.JMeter: file.encoding=UTF-8
2024-09-12 12:34:33,001 INFO o.a.j.JMeter: java.awt.headless=null
2024-09-12 12:34:33,001 INFO o.a.j.JMeter: Max memory     =1073741824
2024-09-12 12:34:33,001 INFO o.a.j.JMeter: Available Processors =10
2024-09-12 12:34:33,007 INFO o.a.j.JMeter: Default Locale=English (EN)
2024-09-12 12:34:33,007 INFO o.a.j.JMeter: JMeter  Locale=English (EN)
2024-09-12 12:34:33,007 INFO o.a.j.JMeter: JMeterHome=/opt/homebrew/Cellar/jmeter/5.6.3/libexec
2024-09-12 12:34:33,007 INFO o.a.j.JMeter: user.dir  =/Users/shubhi.agrawal/Documents/AllProjects/zapier/processor
2024-09-12 12:34:33,008 INFO o.a.j.JMeter: PWD       =/Users/shubhi.agrawal/Documents/AllProjects/zapier/processor
2024-09-12 12:34:33,021 INFO o.a.j.JMeter: IP: 10.20.90.225 Name: LM0006010 FullName: 10.20.90.225
